This file contains any messages produced by compilers while
running configure, to aid debugging if configure makes a mistake.

It was created by OpenFst configure 1.8.3, which was
generated by GNU Autoconf 2.71.  Invocation command line was

  $ ./configure --prefix=/src/source/deps/openfst-install --enable-static --disable-shared --enable-far --enable-ngram-fsts --quiet

## --------- ##
## Platform. ##
## --------- ##

hostname = 47e775542c3b
uname -m = x86_64
uname -r = 6.12.88+deb13-amd64
uname -s = Linux
uname -v = #1 SMP PREEMPT_DYNAMIC Debian 6.12.88-1 (2026-05-15)

/usr/bin/uname -p = x86_64
/bin/uname -X     = unknown

/bin/arch              = x86_64
/usr/bin/arch -k       = unknown
/usr/convex/getsysinfo = unknown
/usr/bin/hostinfo      = unknown
/bin/machine           = unknown
/usr/bin/oslevel       = unknown
/bin/universe          = unknown

PATH: /AFLplusplus/.venv/bin/
PATH: /usr/local/sbin/
PATH: /usr/local/bin/
PATH: /usr/sbin/
PATH: /usr/bin/
PATH: /sbin/
PATH: /bin/
PATH: /etc/cargo/bin/


## ----------- ##
## Core tests. ##
## ----------- ##

configure:2843: looking for aux files: config.guess config.sub ltmain.sh compile ar-lib missing install-sh
configure:2856:  trying ./
configure:2885:   ./config.guess found
configure:2885:   ./config.sub found
configure:2885:   ./ltmain.sh found
configure:2885:   ./compile found
configure:2885:   ./ar-lib found
configure:2885:   ./missing found
configure:2867:   ./install-sh found
configure:3014: checking for a BSD-compatible install
configure:3087: result: /usr/bin/install -c
configure:3098: checking whether build environment is sane
configure:3153: result: yes
configure:3312: checking for a race-free mkdir -p
configure:3356: result: /usr/bin/mkdir -p
configure:3363: checking for gawk
configure:3398: result: no
configure:3363: checking for mawk
configure:3384: found /usr/bin/mawk
configure:3395: result: mawk
configure:3406: checking whether make sets $(MAKE)
configure:3429: result: yes
configure:3459: checking whether make supports nested variables
configure:3477: result: yes
configure:3626: checking whether make supports the include directive
configure:3641: make -f confmf.GNU && cat confinc.out
this is the am__doit target
configure:3644: $? = 0
configure:3663: result: yes (GNU style)
configure:3739: checking for gcc
configure:3760: found /usr/bin/gcc
configure:3771: result: gcc
configure:4124: checking for C compiler version
configure:4133: gcc --version >&5
gcc (Ubuntu 11.5.0-1ubuntu1~24.04.1) 11.5.0
Copyright (C) 2021 Free Software Foundation, Inc.
This is free software; see the source for copying conditions.  There is NO
warranty; not even for MERCHANTABILITY or FITNESS FOR A PARTICULAR PURPOSE.

configure:4144: $? = 0
configure:4133: gcc -v >&5
Using built-in specs.
COLLECT_GCC=gcc
COLLECT_LTO_WRAPPER=/usr/lib/gcc/x86_64-linux-gnu/11/lto-wrapper
OFFLOAD_TARGET_NAMES=nvptx-none:amdgcn-amdhsa
OFFLOAD_TARGET_DEFAULT=1
Target: x86_64-linux-gnu
Configured with: ../src/configure -v --with-pkgversion='Ubuntu 11.5.0-1ubuntu1~24.04.1' --with-bugurl=file:///usr/share/doc/gcc-11/README.Bugs --enable-languages=c,ada,c++,go,brig,d,fortran,objc,obj-c++,m2 --prefix=/usr --with-gcc-major-version-only --program-suffix=-11 --program-prefix=x86_64-linux-gnu- --enable-shared --enable-linker-build-id --libexecdir=/usr/lib --without-included-gettext --enable-threads=posix --libdir=/usr/lib --enable-nls --enable-bootstrap --enable-clocale=gnu --enable-libstdcxx-debug --enable-libstdcxx-time=yes --with-default-libstdcxx-abi=new --enable-gnu-unique-object --disable-vtable-verify --enable-plugin --enable-default-pie --with-system-zlib --enable-libphobos-checking=release --with-target-system-zlib=auto --enable-objc-gc=auto --enable-multiarch --disable-werror --enable-cet --with-arch-32=i686 --with-abi=m64 --with-multilib-list=m32,m64,mx32 --enable-multilib --with-tune=generic --enable-offload-targets=nvptx-none=/build/gcc-11-8tD0Xq/gcc-11-11.5.0/debian/tmp-nvptx/usr,amdgcn-amdhsa=/build/gcc-11-8tD0Xq/gcc-11-11.5.0/debian/tmp-gcn/usr --without-cuda-driver --enable-checking=release --build=x86_64-linux-gnu --host=x86_64-linux-gnu --target=x86_64-linux-gnu --with-build-config=bootstrap-lto-lean --enable-link-serialization=2
Thread model: posix
Supported LTO compression algorithms: zlib zstd
gcc version 11.5.0 (Ubuntu 11.5.0-1ubuntu1~24.04.1) 
... rest of stderr output deleted ...
configure:4144: $? = 0
configure:4133: gcc -V >&5
gcc: error: unrecognized command-line option '-V'
gcc: fatal error: no input files
compilation terminated.
configure:4144: $? = 1
configure:4133: gcc -qversion >&5
gcc: error: unrecognized command-line option '-qversion'; did you mean '--version'?
gcc: fatal error: no input files
compilation terminated.
configure:4144: $? = 1
configure:4133: gcc -version >&5
gcc: error: unrecognized command-line option '-version'
gcc: fatal error: no input files
compilation terminated.
configure:4144: $? = 1
configure:4164: checking whether the C compiler works
configure:4186: gcc    conftest.c  >&5
configure:4190: $? = 0
configure:4240: result: yes
configure:4243: checking for C compiler default output file name
configure:4245: result: a.out
configure:4251: checking for suffix of executables
configure:4258: gcc -o conftest    conftest.c  >&5
configure:4262: $? = 0
configure:4285: result: 
configure:4307: checking whether we are cross compiling
configure:4315: gcc -o conftest    conftest.c  >&5
configure:4319: $? = 0
configure:4326: ./conftest
configure:4330: $? = 0
configure:4345: result: no
configure:4350: checking for suffix of object files
configure:4373: gcc -c   conftest.c >&5
configure:4377: $? = 0
configure:4399: result: o
configure:4403: checking whether the compiler supports GNU C
configure:4423: gcc -c   conftest.c >&5
configure:4423: $? = 0
configure:4433: result: yes
configure:4444: checking whether gcc accepts -g
configure:4465: gcc -c -g  conftest.c >&5
configure:4465: $? = 0
configure:4509: result: yes
configure:4529: checking for gcc option to enable C11 features
configure:4544: gcc  -c -g -O2  conftest.c >&5
configure:4544: $? = 0
configure:4562: result: none needed
configure:4678: checking whether gcc understands -c and -o together
configure:4701: gcc -c conftest.c -o conftest2.o
configure:4704: $? = 0
configure:4701: gcc -c conftest.c -o conftest2.o
configure:4704: $? = 0
configure:4716: result: yes
configure:4735: checking dependency style of gcc
configure:4847: result: gcc3
configure:4918: checking for ar
configure:4939: found /usr/bin/ar
configure:4950: result: ar
configure:4976: checking the archiver (ar) interface
configure:4993: gcc -c -g -O2  conftest.c >&5
configure:4993: $? = 0
configure:4996: ar cru libconftest.a conftest.o >&5
ar: `u' modifier ignored since `D' is the default (see `U')
configure:4999: $? = 0
configure:5027: result: ar
configure:5176: checking for C++ compiler version
configure:5185: afl-c++ --version >&5
Ubuntu clang version 20.1.2 (0ubuntu1~24.04.2)
Target: x86_64-pc-linux-gnu
Thread model: posix
InstalledDir: /usr/lib/llvm-20/bin
configure:5196: $? = 0
configure:5185: afl-c++ -v >&5
Ubuntu clang version 20.1.2 (0ubuntu1~24.04.2)
Target: x86_64-pc-linux-gnu
Thread model: posix
InstalledDir: /usr/lib/llvm-20/bin
Found candidate GCC installation: /usr/lib/gcc/x86_64-linux-gnu/11
Found candidate GCC installation: /usr/lib/gcc/x86_64-linux-gnu/13
Selected GCC installation: /usr/lib/gcc/x86_64-linux-gnu/13
Candidate multilib: .;@m64
Candidate multilib: 32;@m32
Candidate multilib: x32;@mx32
... rest of stderr output deleted ...
configure:5196: $? = 0
configure:5185: afl-c++ -V >&5
clang++: error: unsupported option '-V -fPIC'
clang++: error: no input files
configure:5196: $? = 1
configure:5185: afl-c++ -qversion >&5
clang++: error: unknown argument '-qversion'; did you mean '--version'?
clang++: error: no input files
configure:5196: $? = 1
configure:5200: checking whether the compiler supports GNU C++
configure:5220: afl-c++ -c -std=c++17 -O2 -fPIC  conftest.cpp >&5
configure:5220: $? = 0
configure:5230: result: yes
configure:5241: checking whether afl-c++ accepts -g
configure:5262: afl-c++ -c -g  conftest.cpp >&5
configure:5262: $? = 0
configure:5306: result: yes
configure:5326: checking for afl-c++ option to enable C++11 features
configure:5341: afl-c++  -c -std=c++17 -O2 -fPIC  conftest.cpp >&5
conftest.cpp:177:25: warning: empty parentheses interpreted as a function declaration [-Wvexing-parse]
  177 |   cxx11test::delegate d2();
      |                         ^~
conftest.cpp:177:25: note: remove parentheses to declare a variable
  177 |   cxx11test::delegate d2();
      |                         ^~
1 warning generated.
configure:5341: $? = 0
configure:5359: result: none needed
configure:5425: checking dependency style of afl-c++
configure:5537: result: gcc3
configure:5624: checking build system type
configure:5639: result: x86_64-pc-linux-gnu
configure:5659: checking host system type
configure:5673: result: x86_64-pc-linux-gnu
configure:5714: checking how to print strings
configure:5741: result: printf
configure:5762: checking for a sed that does not truncate output
configure:5832: result: /usr/bin/sed
configure:5850: checking for grep that handles long lines and -e
configure:5914: result: /usr/bin/grep
configure:5919: checking for egrep
configure:5987: result: /usr/bin/grep -E
configure:5992: checking for fgrep
configure:6060: result: /usr/bin/grep -F
configure:6096: checking for ld used by gcc
configure:6164: result: /usr/bin/ld
configure:6171: checking if the linker (/usr/bin/ld) is GNU ld
configure:6187: result: yes
configure:6199: checking for BSD- or MS-compatible name lister (nm)
configure:6254: result: /usr/bin/nm -B
configure:6394: checking the name lister (/usr/bin/nm -B) interface
configure:6402: gcc -c -g -O2  conftest.c >&5
configure:6405: /usr/bin/nm -B "conftest.o"
configure:6408: output
0000000000000000 B some_variable
configure:6415: result: BSD nm
configure:6418: checking whether ln -s works
configure:6422: result: yes
configure:6430: checking the maximum length of command line arguments
configure:6562: result: 1572864
configure:6610: checking how to convert x86_64-pc-linux-gnu file names to x86_64-pc-linux-gnu format
configure:6651: result: func_convert_file_noop
configure:6658: checking how to convert x86_64-pc-linux-gnu file names to toolchain format
configure:6679: result: func_convert_file_noop
configure:6686: checking for /usr/bin/ld option to reload object files
configure:6694: result: -r
configure:6773: checking for file
configure:6794: found /usr/bin/file
configure:6805: result: file
configure:6881: checking for objdump
configure:6902: found /usr/bin/objdump
configure:6913: result: objdump
configure:6945: checking how to recognize dependent libraries
configure:7146: result: pass_all
configure:7236: checking for dlltool
configure:7271: result: no
configure:7301: checking how to associate runtime and link libraries
configure:7329: result: printf %s\n
configure:7479: checking for archiver @FILE support
configure:7497: gcc -c -g -O2  conftest.c >&5
configure:7497: $? = 0
configure:7501: ar cr libconftest.a @conftest.lst >&5
configure:7504: $? = 0
configure:7509: ar cr libconftest.a @conftest.lst >&5
ar: conftest.o: No such file or directory
configure:7512: $? = 1
configure:7524: result: @
configure:7587: checking for strip
configure:7608: found /usr/bin/strip
configure:7619: result: strip
configure:7696: checking for ranlib
configure:7717: found /usr/bin/ranlib
configure:7728: result: ranlib
configure:7830: checking command to parse /usr/bin/nm -B output from gcc object
configure:7984: gcc -c -g -O2  conftest.c >&5
configure:7987: $? = 0
configure:7991: /usr/bin/nm -B conftest.o | /usr/bin/sed -n -e 's/^.*[	 ]\([ABCDGIRSTW][ABCDGIRSTW]*\)[	 ][	 ]*\([_A-Za-z][_A-Za-z0-9]*\)$/\1 \2 \2/p' | /usr/bin/sed '/ __gnu_lto/d' > conftest.nm
configure:8057: gcc -o conftest -g -O2   conftest.c conftstm.o >&5
configure:8060: $? = 0
configure:8098: result: ok
configure:8145: checking for sysroot
configure:8176: result: no
configure:8183: checking for a working dd
configure:8227: result: /usr/bin/dd
configure:8231: checking how to truncate binary pipes
configure:8247: result: /usr/bin/dd bs=4096 count=1
configure:8384: gcc -c -g -O2  conftest.c >&5
configure:8387: $? = 0
configure:8584: checking for mt
configure:8619: result: no
configure:8639: checking if : is a manifest tool
configure:8646: : '-?'
configure:8654: result: no
configure:9379: checking for stdio.h
configure:9379: gcc -c -g -O2  conftest.c >&5
configure:9379: $? = 0
configure:9379: result: yes
configure:9379: checking for stdlib.h
configure:9379: gcc -c -g -O2  conftest.c >&5
configure:9379: $? = 0
configure:9379: result: yes
configure:9379: checking for string.h
configure:9379: gcc -c -g -O2  conftest.c >&5
configure:9379: $? = 0
configure:9379: result: yes
configure:9379: checking for inttypes.h
configure:9379: gcc -c -g -O2  conftest.c >&5
configure:9379: $? = 0
configure:9379: result: yes
configure:9379: checking for stdint.h
configure:9379: gcc -c -g -O2  conftest.c >&5
configure:9379: $? = 0
configure:9379: result: yes
configure:9379: checking for strings.h
configure:9379: gcc -c -g -O2  conftest.c >&5
configure:9379: $? = 0
configure:9379: result: yes
configure:9379: checking for sys/stat.h
configure:9379: gcc -c -g -O2  conftest.c >&5
configure:9379: $? = 0
configure:9379: result: yes
configure:9379: checking for sys/types.h
configure:9379: gcc -c -g -O2  conftest.c >&5
configure:9379: $? = 0
configure:9379: result: yes
configure:9379: checking for unistd.h
configure:9379: gcc -c -g -O2  conftest.c >&5
configure:9379: $? = 0
configure:9379: result: yes
configure:9404: checking for dlfcn.h
configure:9404: gcc -c -g -O2  conftest.c >&5
configure:9404: $? = 0
configure:9404: result: yes
configure:9643: checking for objdir
configure:9659: result: .libs
configure:9923: checking if gcc supports -fno-rtti -fno-exceptions
configure:9942: gcc -c -g -O2  -fno-rtti -fno-exceptions conftest.c >&5
cc1: warning: command-line option '-fno-rtti' is valid for C++/D/ObjC++ but not for C
configure:9946: $? = 0
configure:9959: result: no
configure:10323: checking for gcc option to produce PIC
configure:10331: result: -fPIC -DPIC
configure:10339: checking if gcc PIC flag -fPIC -DPIC works
configure:10358: gcc -c -g -O2  -fPIC -DPIC -DPIC conftest.c >&5
configure:10362: $? = 0
configure:10375: result: yes
configure:10404: checking if gcc static flag -static works
configure:10433: result: yes
configure:10448: checking if gcc supports -c -o file.o
configure:10470: gcc -c -g -O2  -o out/conftest2.o conftest.c >&5
configure:10474: $? = 0
configure:10496: result: yes
configure:10504: checking if gcc supports -c -o file.o
configure:10552: result: yes
configure:10585: checking whether the gcc linker (/usr/bin/ld -m elf_x86_64) supports shared libraries
configure:11859: result: yes
configure:12100: checking dynamic linker characteristics
configure:12682: gcc -o conftest -g -O2   -Wl,-rpath -Wl,/foo conftest.c  >&5
configure:12682: $? = 0
configure:12933: result: GNU/Linux ld.so
configure:13055: checking how to hardcode library paths into programs
configure:13080: result: immediate
configure:13632: checking whether stripping libraries is possible
configure:13641: result: yes
configure:13683: checking if libtool supports shared libraries
configure:13685: result: yes
configure:13688: checking whether to build shared libraries
configure:13713: result: no
configure:13716: checking whether to build static libraries
configure:13720: result: yes
configure:13743: checking how to run the C++ preprocessor
configure:13765: afl-c++     -std=c++17     -fno-exceptions     -Wno-deprecated-declarations     -Wno-missing-template-keyword -E  conftest.cpp
warning: unknown warning option '-Wno-missing-template-keyword' [-Wunknown-warning-option]
1 warning generated.
configure:13765: $? = 0
configure:13780: afl-c++     -std=c++17     -fno-exceptions     -Wno-deprecated-declarations     -Wno-missing-template-keyword -E  conftest.cpp
warning: unknown warning option '-Wno-missing-template-keyword' [-Wunknown-warning-option]
conftest.cpp:23:10: fatal error: 'ac_nonexistent.h' file not found
   23 | #include <ac_nonexistent.h>
      |          ^~~~~~~~~~~~~~~~~~
1 warning and 1 error generated.
configure:13780: $? = 1
configure: failed program was:
| /* confdefs.h */
| #define PACKAGE_NAME "OpenFst"
| #define PACKAGE_TARNAME "openfst"
| #define PACKAGE_VERSION "1.8.3"
| #define PACKAGE_STRING "OpenFst 1.8.3"
| #define PACKAGE_BUGREPORT "help@www.openfst.org"
| #define PACKAGE_URL ""
| #define PACKAGE "openfst"
| #define VERSION "1.8.3"
| #define HAVE_STDIO_H 1
| #define HAVE_STDLIB_H 1
| #define HAVE_STRING_H 1
| #define HAVE_INTTYPES_H 1
| #define HAVE_STDINT_H 1
| #define HAVE_STRINGS_H 1
| #define HAVE_SYS_STAT_H 1
| #define HAVE_SYS_TYPES_H 1
| #define HAVE_UNISTD_H 1
| #define STDC_HEADERS 1
| #define HAVE_DLFCN_H 1
| #define LT_OBJDIR ".libs/"
| /* end confdefs.h.  */
| #include <ac_nonexistent.h>
configure:13807: result: afl-c++     -std=c++17     -fno-exceptions     -Wno-deprecated-declarations     -Wno-missing-template-keyword -E
configure:13821: afl-c++     -std=c++17     -fno-exceptions     -Wno-deprecated-declarations     -Wno-missing-template-keyword -E  conftest.cpp
warning: unknown warning option '-Wno-missing-template-keyword' [-Wunknown-warning-option]
1 warning generated.
configure:13821: $? = 0
configure:13836: afl-c++     -std=c++17     -fno-exceptions     -Wno-deprecated-declarations     -Wno-missing-template-keyword -E  conftest.cpp
warning: unknown warning option '-Wno-missing-template-keyword' [-Wunknown-warning-option]
conftest.cpp:23:10: fatal error: 'ac_nonexistent.h' file not found
   23 | #include <ac_nonexistent.h>
      |          ^~~~~~~~~~~~~~~~~~
1 warning and 1 error generated.
configure:13836: $? = 1
configure: failed program was:
| /* confdefs.h */
| #define PACKAGE_NAME "OpenFst"
| #define PACKAGE_TARNAME "openfst"
| #define PACKAGE_VERSION "1.8.3"
| #define PACKAGE_STRING "OpenFst 1.8.3"
| #define PACKAGE_BUGREPORT "help@www.openfst.org"
| #define PACKAGE_URL ""
| #define PACKAGE "openfst"
| #define VERSION "1.8.3"
| #define HAVE_STDIO_H 1
| #define HAVE_STDLIB_H 1
| #define HAVE_STRING_H 1
| #define HAVE_INTTYPES_H 1
| #define HAVE_STDINT_H 1
| #define HAVE_STRINGS_H 1
| #define HAVE_SYS_STAT_H 1
| #define HAVE_SYS_TYPES_H 1
| #define HAVE_UNISTD_H 1
| #define STDC_HEADERS 1
| #define HAVE_DLFCN_H 1
| #define LT_OBJDIR ".libs/"
| /* end confdefs.h.  */
| #include <ac_nonexistent.h>
configure:14001: checking for ld used by afl-c++     -std=c++17     -fno-exceptions     -Wno-deprecated-declarations     -Wno-missing-template-keyword
configure:14069: result: /usr/bin/ld -m elf_x86_64
configure:14076: checking if the linker (/usr/bin/ld -m elf_x86_64) is GNU ld
configure:14092: result: yes
configure:14147: checking whether the afl-c++     -std=c++17     -fno-exceptions     -Wno-deprecated-declarations     -Wno-missing-template-keyword linker (/usr/bin/ld -m elf_x86_64) supports shared libraries
configure:15225: result: yes
configure:15261: afl-c++     -std=c++17     -fno-exceptions     -Wno-deprecated-declarations     -Wno-missing-template-keyword -c -std=c++17 -O2 -fPIC  conftest.cpp >&5
warning: unknown warning option '-Wno-missing-template-keyword' [-Wunknown-warning-option]
1 warning generated.
configure:15264: $? = 0
configure:15745: checking for afl-c++     -std=c++17     -fno-exceptions     -Wno-deprecated-declarations     -Wno-missing-template-keyword option to produce PIC
configure:15753: result: -fPIC -DPIC
configure:15761: checking if afl-c++     -std=c++17     -fno-exceptions     -Wno-deprecated-declarations     -Wno-missing-template-keyword PIC flag -fPIC -DPIC works
configure:15780: afl-c++     -std=c++17     -fno-exceptions     -Wno-deprecated-declarations     -Wno-missing-template-keyword -c -std=c++17 -O2 -fPIC  -fPIC -DPIC -DPIC conftest.cpp >&5
warning: unknown warning option '-Wno-missing-template-keyword' [-Wunknown-warning-option]
1 warning generated.
configure:15784: $? = 0
configure:15797: result: yes
configure:15820: checking if afl-c++     -std=c++17     -fno-exceptions     -Wno-deprecated-declarations     -Wno-missing-template-keyword static flag -static works
warning: unknown warning option '-Wno-missing-template-keyword' [-Wunknown-warning-option]
1 warning generated.
configure:15849: result: yes
configure:15861: checking if afl-c++     -std=c++17     -fno-exceptions     -Wno-deprecated-declarations     -Wno-missing-template-keyword supports -c -o file.o
configure:15883: afl-c++     -std=c++17     -fno-exceptions     -Wno-deprecated-declarations     -Wno-missing-template-keyword -c -std=c++17 -O2 -fPIC  -o out/conftest2.o conftest.cpp >&5
warning: unknown warning option '-Wno-missing-template-keyword' [-Wunknown-warning-option]
1 warning generated.
configure:15887: $? = 0
configure:15909: result: yes
configure:15914: checking if afl-c++     -std=c++17     -fno-exceptions     -Wno-deprecated-declarations     -Wno-missing-template-keyword supports -c -o file.o
configure:15962: result: yes
configure:15992: checking whether the afl-c++     -std=c++17     -fno-exceptions     -Wno-deprecated-declarations     -Wno-missing-template-keyword linker (/usr/bin/ld -m elf_x86_64) supports shared libraries
configure:16035: result: yes
configure:16177: checking dynamic linker characteristics
configure:16937: result: GNU/Linux ld.so
configure:17002: checking how to hardcode library paths into programs
configure:17027: result: immediate
configure:18115: afl-c++     -std=c++17     -fno-exceptions     -Wno-deprecated-declarations     -Wno-missing-template-keyword -o conftest -std=c++17 -O2 -fPIC   conftest.cpp  >&5
warning: unknown warning option '-Wno-missing-template-keyword' [-Wunknown-warning-option]
1 warning generated.
configure:18115: $? = 0
configure:18115: ./conftest
configure:18115: $? = 0
configure:18129: checking for dlopen in -ldl
configure:18151: afl-c++     -std=c++17     -fno-exceptions     -Wno-deprecated-declarations     -Wno-missing-template-keyword -o conftest -std=c++17 -O2 -fPIC   conftest.cpp -ldl   >&5
warning: unknown warning option '-Wno-missing-template-keyword' [-Wunknown-warning-option]
[1;93m[!] [1;97mWARNING: [0mdlopen() detected. To have coverage for a library that your target dlopen()'s this must either happen before __AFL_INIT() or you must use AFL_PRELOAD to preload all dlopen()'ed libraries!
[0m
1 warning generated.
configure:18151: $? = 0
configure:18161: result: yes
configure:18271: checking that generated files are newer than configure
configure:18277: result: done
configure:18364: creating ./config.status

## ---------------------- ##
## Running config.status. ##
## ---------------------- ##

This file was extended by OpenFst config.status 1.8.3, which was
generated by GNU Autoconf 2.71.  Invocation command line was

  CONFIG_FILES    = 
  CONFIG_HEADERS  = 
  CONFIG_LINKS    = 
  CONFIG_COMMANDS = 
  $ ./config.status --quiet

on 47e775542c3b

config.status:1209: creating Makefile
config.status:1209: creating src/Makefile
config.status:1209: creating src/include/Makefile
config.status:1209: creating src/lib/Makefile
config.status:1209: creating src/bin/Makefile
config.status:1209: creating src/test/Makefile
config.status:1209: creating src/extensions/Makefile
config.status:1209: creating src/extensions/compact/Makefile
config.status:1209: creating src/extensions/compress/Makefile
config.status:1209: creating src/extensions/const/Makefile
config.status:1209: creating src/extensions/far/Makefile
config.status:1209: creating src/extensions/linear/Makefile
config.status:1209: creating src/extensions/lookahead/Makefile
config.status:1209: creating src/extensions/mpdt/Makefile
config.status:1209: creating src/extensions/ngram/Makefile
config.status:1209: creating src/extensions/pdt/Makefile
config.status:1209: creating src/extensions/python/Makefile
config.status:1209: creating src/extensions/special/Makefile
config.status:1209: creating src/script/Makefile
config.status:1209: creating config.h
config.status:1390: config.h is unchanged
config.status:1438: executing depfiles commands
config.status:1515: cd src/lib       && sed -e '/# am--include-marker/d' Makefile         | make -f - am--depfiles
make: Nothing to be done for 'am--depfiles'.
config.status:1520: $? = 0
config.status:1515: cd src/bin       && sed -e '/# am--include-marker/d' Makefile         | make -f - am--depfiles
make: Nothing to be done for 'am--depfiles'.
config.status:1520: $? = 0
config.status:1515: cd src/test       && sed -e '/# am--include-marker/d' Makefile         | make -f - am--depfiles
make: Nothing to be done for 'am--depfiles'.
config.status:1520: $? = 0
config.status:1515: cd src/extensions/compact       && sed -e '/# am--include-marker/d' Makefile         | make -f - am--depfiles
make: Nothing to be done for 'am--depfiles'.
config.status:1520: $? = 0
config.status:1515: cd src/extensions/compress       && sed -e '/# am--include-marker/d' Makefile         | make -f - am--depfiles
make: Nothing to be done for 'am--depfiles'.
config.status:1520: $? = 0
config.status:1515: cd src/extensions/const       && sed -e '/# am--include-marker/d' Makefile         | make -f - am--depfiles
make: Nothing to be done for 'am--depfiles'.
config.status:1520: $? = 0
config.status:1515: cd src/extensions/far       && sed -e '/# am--include-marker/d' Makefile         | make -f - am--depfiles
make: Nothing to be done for 'am--depfiles'.
config.status:1520: $? = 0
config.status:1515: cd src/extensions/linear       && sed -e '/# am--include-marker/d' Makefile         | make -f - am--depfiles
make: Nothing to be done for 'am--depfiles'.
config.status:1520: $? = 0
config.status:1515: cd src/extensions/lookahead       && sed -e '/# am--include-marker/d' Makefile         | make -f - am--depfiles
make: Nothing to be done for 'am--depfiles'.
config.status:1520: $? = 0
config.status:1515: cd src/extensions/mpdt       && sed -e '/# am--include-marker/d' Makefile         | make -f - am--depfiles
make: Nothing to be done for 'am--depfiles'.
config.status:1520: $? = 0
config.status:1515: cd src/extensions/ngram       && sed -e '/# am--include-marker/d' Makefile         | make -f - am--depfiles
make: Nothing to be done for 'am--depfiles'.
config.status:1520: $? = 0
config.status:1515: cd src/extensions/pdt       && sed -e '/# am--include-marker/d' Makefile         | make -f - am--depfiles
make: Nothing to be done for 'am--depfiles'.
config.status:1520: $? = 0
config.status:1515: cd src/extensions/python       && sed -e '/# am--include-marker/d' Makefile         | make -f - am--depfiles
make: Nothing to be done for 'am--depfiles'.
config.status:1520: $? = 0
config.status:1515: cd src/extensions/special       && sed -e '/# am--include-marker/d' Makefile         | make -f - am--depfiles
make: Nothing to be done for 'am--depfiles'.
config.status:1520: $? = 0
config.status:1515: cd src/script       && sed -e '/# am--include-marker/d' Makefile         | make -f - am--depfiles
make: Nothing to be done for 'am--depfiles'.
config.status:1520: $? = 0
config.status:1438: executing libtool commands

## ---------------- ##
## Cache variables. ##
## ---------------- ##

ac_cv_build=x86_64-pc-linux-gnu
ac_cv_c_compiler_gnu=yes
ac_cv_cxx_compiler_gnu=yes
ac_cv_env_CCC_set=
ac_cv_env_CCC_value=
ac_cv_env_CC_set=
ac_cv_env_CC_value=
ac_cv_env_CFLAGS_set=
ac_cv_env_CFLAGS_value=
ac_cv_env_CPPFLAGS_set=
ac_cv_env_CPPFLAGS_value=
ac_cv_env_CXXCPP_set=
ac_cv_env_CXXCPP_value=
ac_cv_env_CXXFLAGS_set=set
ac_cv_env_CXXFLAGS_value='-std=c++17 -O2 -fPIC'
ac_cv_env_CXX_set=set
ac_cv_env_CXX_value=afl-c++
ac_cv_env_LDFLAGS_set=
ac_cv_env_LDFLAGS_value=
ac_cv_env_LIBS_set=
ac_cv_env_LIBS_value=
ac_cv_env_LT_SYS_LIBRARY_PATH_set=
ac_cv_env_LT_SYS_LIBRARY_PATH_value=
ac_cv_env_PYTHON_VERSION_set=
ac_cv_env_PYTHON_VERSION_value=
ac_cv_env_PYTHON_set=
ac_cv_env_PYTHON_value=
ac_cv_env_build_alias_set=
ac_cv_env_build_alias_value=
ac_cv_env_host_alias_set=
ac_cv_env_host_alias_value=
ac_cv_env_target_alias_set=
ac_cv_env_target_alias_value=
ac_cv_header_dlfcn_h=yes
ac_cv_header_inttypes_h=yes
ac_cv_header_stdint_h=yes
ac_cv_header_stdio_h=yes
ac_cv_header_stdlib_h=yes
ac_cv_header_string_h=yes
ac_cv_header_strings_h=yes
ac_cv_header_sys_stat_h=yes
ac_cv_header_sys_types_h=yes
ac_cv_header_unistd_h=yes
ac_cv_host=x86_64-pc-linux-gnu
ac_cv_lib_dl_dlopen=yes
ac_cv_objext=o
ac_cv_path_EGREP='/usr/bin/grep -E'
ac_cv_path_FGREP='/usr/bin/grep -F'
ac_cv_path_GREP=/usr/bin/grep
ac_cv_path_SED=/usr/bin/sed
ac_cv_path_install='/usr/bin/install -c'
ac_cv_path_lt_DD=/usr/bin/dd
ac_cv_path_mkdir=/usr/bin/mkdir
ac_cv_prog_AWK=mawk
ac_cv_prog_CXXCPP='afl-c++     -std=c++17     -fno-exceptions     -Wno-deprecated-declarations     -Wno-missing-template-keyword -E'
ac_cv_prog_ac_ct_AR=ar
ac_cv_prog_ac_ct_CC=gcc
ac_cv_prog_ac_ct_FILECMD=file
ac_cv_prog_ac_ct_OBJDUMP=objdump
ac_cv_prog_ac_ct_RANLIB=ranlib
ac_cv_prog_ac_ct_STRIP=strip
ac_cv_prog_cc_c11=
ac_cv_prog_cc_g=yes
ac_cv_prog_cc_stdc=
ac_cv_prog_cxx_cxx11=
ac_cv_prog_cxx_g=yes
ac_cv_prog_cxx_stdcxx=
ac_cv_prog_make_make_set=yes
am_cv_CC_dependencies_compiler_type=gcc3
am_cv_CXX_dependencies_compiler_type=gcc3
am_cv_ar_interface=ar
am_cv_make_support_nested_variables=yes
am_cv_prog_cc_c_o=yes
lt_cv_ar_at_file=@
lt_cv_deplibs_check_method=pass_all
lt_cv_file_magic_cmd='$MAGIC_CMD'
lt_cv_file_magic_test_file=
lt_cv_ld_reload_flag=-r
lt_cv_nm_interface='BSD nm'
lt_cv_objdir=.libs
lt_cv_path_LD=/usr/bin/ld
lt_cv_path_LDCXX='/usr/bin/ld -m elf_x86_64'
lt_cv_path_NM='/usr/bin/nm -B'
lt_cv_path_mainfest_tool=no
lt_cv_prog_compiler_c_o=yes
lt_cv_prog_compiler_c_o_CXX=yes
lt_cv_prog_compiler_pic='-fPIC -DPIC'
lt_cv_prog_compiler_pic_CXX='-fPIC -DPIC'
lt_cv_prog_compiler_pic_works=yes
lt_cv_prog_compiler_pic_works_CXX=yes
lt_cv_prog_compiler_rtti_exceptions=no
lt_cv_prog_compiler_static_works=yes
lt_cv_prog_compiler_static_works_CXX=yes
lt_cv_prog_gnu_ld=yes
lt_cv_prog_gnu_ldcxx=yes
lt_cv_sharedlib_from_linklib_cmd='printf %s\n'
lt_cv_shlibpath_overrides_runpath=yes
lt_cv_sys_global_symbol_pipe='/usr/bin/sed -n -e '\''s/^.*[	 ]\([ABCDGIRSTW][ABCDGIRSTW]*\)[	 ][	 ]*\([_A-Za-z][_A-Za-z0-9]*\)$/\1 \2 \2/p'\'' | /usr/bin/sed '\''/ __gnu_lto/d'\'''
lt_cv_sys_global_symbol_to_c_name_address='/usr/bin/sed -n -e '\''s/^: \(.*\) .*$/  {"\1", (void *) 0},/p'\'' -e '\''s/^[ABCDGIRSTW][ABCDGIRSTW]* .* \(.*\)$/  {"\1", (void *) \&\1},/p'\'''
lt_cv_sys_global_symbol_to_c_name_address_lib_prefix='/usr/bin/sed -n -e '\''s/^: \(.*\) .*$/  {"\1", (void *) 0},/p'\'' -e '\''s/^[ABCDGIRSTW][ABCDGIRSTW]* .* \(lib.*\)$/  {"\1", (void *) \&\1},/p'\'' -e '\''s/^[ABCDGIRSTW][ABCDGIRSTW]* .* \(.*\)$/  {"lib\1", (void *) \&\1},/p'\'''
lt_cv_sys_global_symbol_to_cdecl='/usr/bin/sed -n -e '\''s/^T .* \(.*\)$/extern int \1();/p'\'' -e '\''s/^[ABCDGIRSTW][ABCDGIRSTW]* .* \(.*\)$/extern char \1;/p'\'''
lt_cv_sys_global_symbol_to_import=
lt_cv_sys_max_cmd_len=1572864
lt_cv_to_host_file_cmd=func_convert_file_noop
lt_cv_to_tool_file_cmd=func_convert_file_noop
lt_cv_truncate_bin='/usr/bin/dd bs=4096 count=1'

## ----------------- ##
## Output variables. ##
## ----------------- ##

ACLOCAL='${SHELL} '\''/src/source/deps/openfst-1.8.3/missing'\'' aclocal-1.16'
AMDEPBACKSLASH='\'
AMDEP_FALSE='#'
AMDEP_TRUE=''
AMTAR='$${TAR-tar}'
AM_BACKSLASH='\'
AM_DEFAULT_V='$(AM_DEFAULT_VERBOSITY)'
AM_DEFAULT_VERBOSITY='1'
AM_V='$(V)'
AR='ar'
AUTOCONF='${SHELL} '\''/src/source/deps/openfst-1.8.3/missing'\'' autoconf'
AUTOHEADER='${SHELL} '\''/src/source/deps/openfst-1.8.3/missing'\'' autoheader'
AUTOMAKE='${SHELL} '\''/src/source/deps/openfst-1.8.3/missing'\'' automake-1.16'
AWK='mawk'
CC='gcc'
CCDEPMODE='depmode=gcc3'
CFLAGS='-g -O2'
CPPFLAGS=''
CSCOPE='cscope'
CTAGS='ctags'
CXX='afl-c++     -std=c++17     -fno-exceptions     -Wno-deprecated-declarations     -Wno-missing-template-keyword'
CXXCPP='afl-c++     -std=c++17     -fno-exceptions     -Wno-deprecated-declarations     -Wno-missing-template-keyword -E'
CXXDEPMODE='depmode=gcc3'
CXXFLAGS='-std=c++17 -O2 -fPIC'
CYGPATH_W='echo'
DEFS='-DHAVE_CONFIG_H'
DEPDIR='.deps'
DLLTOOL='false'
DL_LIBS='-ldl'
DSYMUTIL=''
DUMPBIN=''
ECHO_C=''
ECHO_N='-n'
ECHO_T=''
EGREP='/usr/bin/grep -E'
ETAGS='etags'
EXEEXT=''
FGREP='/usr/bin/grep -F'
FILECMD='file'
GREP='/usr/bin/grep'
HAVE_BIN_FALSE='#'
HAVE_BIN_TRUE=''
HAVE_COMPACT_FALSE=''
HAVE_COMPACT_TRUE='#'
HAVE_COMPRESS_FALSE=''
HAVE_COMPRESS_TRUE='#'
HAVE_CONST_FALSE=''
HAVE_CONST_TRUE='#'
HAVE_FAR_FALSE='#'
HAVE_FAR_TRUE=''
HAVE_FSTS_FALSE=''
HAVE_FSTS_TRUE='#'
HAVE_GRM_FALSE=''
HAVE_GRM_TRUE='#'
HAVE_LINEAR_FALSE=''
HAVE_LINEAR_TRUE='#'
HAVE_LOOKAHEAD_FALSE=''
HAVE_LOOKAHEAD_TRUE='#'
HAVE_MPDT_FALSE=''
HAVE_MPDT_TRUE='#'
HAVE_NGRAM_FALSE='#'
HAVE_NGRAM_TRUE=''
HAVE_PDT_FALSE=''
HAVE_PDT_TRUE='#'
HAVE_PYTHON_FALSE=''
HAVE_PYTHON_TRUE='#'
HAVE_SCRIPT_FALSE='#'
HAVE_SCRIPT_TRUE=''
HAVE_SPECIAL_FALSE=''
HAVE_SPECIAL_TRUE='#'
INSTALL_DATA='${INSTALL} -m 644'
INSTALL_PROGRAM='${INSTALL}'
INSTALL_SCRIPT='${INSTALL}'
INSTALL_STRIP_PROGRAM='$(install_sh) -c -s'
LD='/usr/bin/ld -m elf_x86_64'
LDFLAGS=''
LIBOBJS=''
LIBS=''
LIBTOOL='$(SHELL) $(top_builddir)/libtool'
LIPO=''
LN_S='ln -s'
LTLIBOBJS=''
LT_SYS_LIBRARY_PATH=''
MAKEINFO='${SHELL} '\''/src/source/deps/openfst-1.8.3/missing'\'' makeinfo'
MANIFEST_TOOL=':'
MKDIR_P='/usr/bin/mkdir -p'
NM='/usr/bin/nm -B'
NMEDIT=''
OBJDUMP='objdump'
OBJEXT='o'
OTOOL64=''
OTOOL=''
PACKAGE='openfst'
PACKAGE_BUGREPORT='help@www.openfst.org'
PACKAGE_NAME='OpenFst'
PACKAGE_STRING='OpenFst 1.8.3'
PACKAGE_TARNAME='openfst'
PACKAGE_URL=''
PACKAGE_VERSION='1.8.3'
PATH_SEPARATOR=':'
PYTHON=''
PYTHON_CPPFLAGS=''
PYTHON_EXEC_PREFIX=''
PYTHON_EXTRA_LDFLAGS=''
PYTHON_EXTRA_LIBS=''
PYTHON_LIBS=''
PYTHON_PLATFORM=''
PYTHON_PREFIX=''
PYTHON_SITE_PKG=''
PYTHON_VERSION=''
RANLIB='ranlib'
SED='/usr/bin/sed'
SET_MAKE=''
SHELL='/bin/bash'
STRIP='strip'
VERSION='1.8.3'
ac_ct_AR='ar'
ac_ct_CC='gcc'
ac_ct_CXX=''
ac_ct_DUMPBIN=''
am__EXEEXT_FALSE=''
am__EXEEXT_TRUE='#'
am__fastdepCC_FALSE='#'
am__fastdepCC_TRUE=''
am__fastdepCXX_FALSE='#'
am__fastdepCXX_TRUE=''
am__include='include'
am__isrc=''
am__leading_dot='.'
am__nodep='_no'
am__quote=''
am__tar='$${TAR-tar} chof - "$$tardir"'
am__untar='$${TAR-tar} xf -'
bindir='${exec_prefix}/bin'
build='x86_64-pc-linux-gnu'
build_alias=''
build_cpu='x86_64'
build_os='linux-gnu'
build_vendor='pc'
datadir='${datarootdir}'
datarootdir='${prefix}/share'
docdir='${datarootdir}/doc/${PACKAGE_TARNAME}'
dvidir='${docdir}'
exec_prefix='${prefix}'
host='x86_64-pc-linux-gnu'
host_alias=''
host_cpu='x86_64'
host_os='linux-gnu'
host_vendor='pc'
htmldir='${docdir}'
includedir='${prefix}/include'
infodir='${datarootdir}/info'
install_sh='${SHELL} /src/source/deps/openfst-1.8.3/install-sh'
libdir='${exec_prefix}/lib'
libexecdir='${exec_prefix}/libexec'
libfstdir='${exec_prefix}/lib/fst'
localedir='${datarootdir}/locale'
localstatedir='${prefix}/var'
mandir='${datarootdir}/man'
mkdir_p='$(MKDIR_P)'
oldincludedir='/usr/include'
pdfdir='${docdir}'
pkgpyexecdir=''
pkgpythondir=''
prefix='/src/source/deps/openfst-install'
program_transform_name='s,x,x,'
psdir='${docdir}'
pyexecdir=''
pythondir=''
runstatedir='${localstatedir}/run'
sbindir='${exec_prefix}/sbin'
sharedstatedir='${prefix}/com'
sysconfdir='${prefix}/etc'
target_alias=''

## ----------- ##
## confdefs.h. ##
## ----------- ##

/* confdefs.h */
#define PACKAGE_NAME "OpenFst"
#define PACKAGE_TARNAME "openfst"
#define PACKAGE_VERSION "1.8.3"
#define PACKAGE_STRING "OpenFst 1.8.3"
#define PACKAGE_BUGREPORT "help@www.openfst.org"
#define PACKAGE_URL ""
#define PACKAGE "openfst"
#define VERSION "1.8.3"
#define HAVE_STDIO_H 1
#define HAVE_STDLIB_H 1
#define HAVE_STRING_H 1
#define HAVE_INTTYPES_H 1
#define HAVE_STDINT_H 1
#define HAVE_STRINGS_H 1
#define HAVE_SYS_STAT_H 1
#define HAVE_SYS_TYPES_H 1
#define HAVE_UNISTD_H 1
#define STDC_HEADERS 1
#define HAVE_DLFCN_H 1
#define LT_OBJDIR ".libs/"

configure: exit 0
